#
# There is insufficient memory for the Java Runtime Environment to continue.
# Native memory allocation (malloc) failed to allocate 1353760 bytes for Chunk::new
# Possible reasons:
#   The system is out of physical RAM or swap space
#   In 32 bit mode, the process size limit was hit
# Possible solutions:
#   Reduce memory load on the system
#   Increase physical memory or swap space
#   Check if swap backing store is full
#   Use 64 bit Java on a 64 bit OS
#   Decrease Java heap size (-Xmx/-Xms)
#   Decrease number of Java threads
#   Decrease Java thread stack sizes (-Xss)
#   Set larger code cache with -XX:ReservedCodeCacheSize=
# This output file may be truncated or incomplete.
#
#  Out of Memory Error (allocation.cpp:390), pid=8444, tid=0x0000000000000d68
#
# JRE version: Java(TM) SE Runtime Environment (8.0_131-b11) (build 1.8.0_131-b11)
# Java VM: Java HotSpot(TM) 64-Bit Server VM (25.131-b11 mixed mode windows-amd64 compressed oops)
# Failed to write core dump. Minidumps are not enabled by default on client versions of Windows
#

---------------  T H R E A D  ---------------

Current thread (0x0000000016969000):  JavaThread "C2 CompilerThread0" daemon [_thread_in_native, id=3432, stack(0x0000000017140000,0x0000000017240000)]

Stack: [0x0000000017140000,0x0000000017240000]
[error occurred during error reporting (printing stack bounds), id 0xc0000005]

Native frames: (J=compiled Java code, j=interpreted, Vv=VM code, C=native code)


Current CompileTask:
C2:   5007 2460       4       weblogic.jsp.internal.jsp.JspTagLibraryParser::parseAttribute (493 bytes)


---------------  P R O C E S S  ---------------

Java Threads: ( => current thread )
  0x000000001bd08800 JavaThread "Javelin Worker-7" daemon [_thread_blocked, id=13764, stack(0x000000001e590000,0x000000001e690000)]
  0x000000001bbbd800 JavaThread "Javelin Worker-6" daemon [_thread_blocked, id=15800, stack(0x000000001e390000,0x000000001e490000)]
  0x000000001bbbc800 JavaThread "Javelin Worker-5" daemon [_thread_blocked, id=9940, stack(0x000000001e290000,0x000000001e390000)]
  0x000000001bbbc000 JavaThread "Javelin Worker-4" daemon [_thread_blocked, id=11992, stack(0x000000001e190000,0x000000001e290000)]
  0x000000001bbbb000 JavaThread "Javelin Worker-3" daemon [_thread_blocked, id=13324, stack(0x000000001e090000,0x000000001e190000)]
  0x000000001bbb8800 JavaThread "Javelin Worker-2" daemon [_thread_blocked, id=14260, stack(0x000000001df90000,0x000000001e090000)]
  0x000000001bbb7800 JavaThread "Javelin Worker-1" daemon [_thread_blocked, id=13416, stack(0x000000001de90000,0x000000001df90000)]
  0x000000001bbb7000 JavaThread "Javelin Worker-0-AddEditApprisalHis.jsff" daemon [_thread_in_vm, id=6692, stack(0x000000001dd90000,0x000000001de90000)]
  0x00000000195f7000 JavaThread "ImmediateThread-1668095946383" daemon [_thread_blocked, id=5016, stack(0x0000000019ee0000,0x0000000019fe0000)]
  0x00000000169ff000 JavaThread "Service Thread" daemon [_thread_blocked, id=15428, stack(0x0000000017540000,0x0000000017640000)]
  0x0000000016975800 JavaThread "C1 CompilerThread3" daemon [_thread_in_native, id=2568, stack(0x0000000017440000,0x0000000017540000)]
  0x0000000016971800 JavaThread "C2 CompilerThread2" daemon [_thread_blocked, id=8392, stack(0x0000000017340000,0x0000000017440000)]
  0x000000001696c800 JavaThread "C2 CompilerThread1" daemon [_thread_blocked, id=5416, stack(0x0000000017240000,0x0000000017340000)]
=>0x0000000016969000 JavaThread "C2 CompilerThread0" daemon [_thread_in_native, id=3432, stack(0x0000000017140000,0x0000000017240000)]
  0x0000000016967800 JavaThread "Attach Listener" daemon [_thread_blocked, id=14372, stack(0x0000000017040000,0x0000000017140000)]
  0x0000000016966000 JavaThread "Signal Dispatcher" daemon [_thread_blocked, id=6360, stack(0x0000000016f40000,0x0000000017040000)]
  0x0000000016960800 JavaThread "Finalizer" daemon [_thread_blocked, id=12548, stack(0x0000000016d40000,0x0000000016e40000)]
  0x0000000014a4d800 JavaThread "Reference Handler" daemon [_thread_blocked, id=3388, stack(0x0000000016840000,0x0000000016940000)]
  0x00000000030a2800 JavaThread "main" [_thread_blocked, id=15624, stack(0x0000000002ee0000,0x0000000002fe0000)]

Other Threads:
  0x0000000014a47800 VMThread [stack: 0x0000000016740000,0x0000000016840000] [id=14520]
  0x0000000016a32000 WatcherThread [stack: 0x0000000017640000,0x0000000017740000] [id=2248]

VM state:not at safepoint (normal execution)

VM Mutex/Monitor currently owned by a thread: None

Heap:
 PSYoungGen      total 131072K, used 71090K [0x00000000f5580000, 0x0000000100000000, 0x0000000100000000)
  eden space 119808K, 59% used [0x00000000f5580000,0x00000000f9aec8f8,0x00000000fca80000)
  from space 11264K, 0% used [0x00000000fca80000,0x00000000fca80000,0x00000000fd580000)
  to   space 11264K, 0% used [0x00000000ff500000,0x00000000ff500000,0x0000000100000000)
 ParOldGen       total 87552K, used 17911K [0x00000000e0000000, 0x00000000e5580000, 0x00000000f5580000)
  object space 87552K, 20% used [0x00000000e0000000,0x00000000e117dc80,0x00000000e5580000)
 Metaspace       used 21797K, capacity 22128K, committed 22448K, reserved 1069056K
  class space    used 2434K, capacity 2529K, committed 2560K, reserved 1048576K

Card table byte_map: [0x0000000012650000,0x0000000012760000] byte_map_base: 0x0000000011f50000

Marking Bits: (ParMarkBitMap*) 0x00000000704fc720
 Begin Bits: [0x0000000012f60000, 0x0000000013760000)
 End Bits:   [0x0000000013760000, 0x0000000013f60000)

Polling page: 0x0000000001640000

CodeCache: size=245760Kb used=8985Kb max_used=9032Kb free=236774Kb
 bounds [0x0000000003290000, 0x0000000003b70000, 0x0000000012290000]
 total_blobs=2885 nmethods=2472 adapters=325
 compilation: enabled

Compilation events (10 events):
Event: 4.993 Thread 0x0000000016975800 2508       3       weblogic.jsp.internal.tokens.TokenStreamImpl::getSize (10 bytes)
Event: 4.994 Thread 0x0000000016975800 nmethod 2508 0x000000000342fe90 code [0x0000000003430000, 0x00000000034301b0]
Event: 4.999 Thread 0x0000000016971800 nmethod 2456 0x000000000340c450 code [0x000000000340c680, 0x000000000340db90]
Event: 4.999 Thread 0x0000000016971800 2493       4       java.lang.CharacterDataLatin1::digit (91 bytes)
Event: 5.000 Thread 0x0000000016971800 nmethod 2493 0x00000000033a1d90 code [0x00000000033a1ee0, 0x00000000033a1ff8]
Event: 5.001 Thread 0x0000000016975800 2510       3       java.lang.ClassLoader::getClassLoadingLock (35 bytes)
Event: 5.001 Thread 0x0000000016975800 nmethod 2510 0x00000000033b7190 code [0x00000000033b7300, 0x00000000033b7668]
Event: 5.003 Thread 0x000000001696c800 nmethod 2484 0x00000000033dbcd0 code [0x00000000033dbfa0, 0x00000000033deab0]
Event: 5.004 Thread 0x0000000016975800 2511   !   3       java.util.Collections$SynchronizedMap::get (25 bytes)
Event: 5.005 Thread 0x0000000016975800 nmethod 2511 0x000000000339c510 code [0x000000000339c680, 0x000000000339ca28]

GC Heap History (10 events):
Event: 2.695 GC heap before
{Heap before GC invocations=6 (full 0):
 PSYoungGen      total 71680K, used 71660K [0x00000000f5580000, 0x00000000fa080000, 0x0000000100000000)
  eden space 66560K, 100% used [0x00000000f5580000,0x00000000f9680000,0x00000000f9680000)
  from space 5120K, 99% used [0x00000000f9680000,0x00000000f9b7b0c8,0x00000000f9b80000)
  to   space 5120K, 0% used [0x00000000f9b80000,0x00000000f9b80000,0x00000000fa080000)
 ParOldGen       total 87552K, used 7590K [0x00000000e0000000, 0x00000000e5580000, 0x00000000f5580000)
  object space 87552K, 8% used [0x00000000e0000000,0x00000000e0769990,0x00000000e5580000)
 Metaspace       used 15884K, capacity 16078K, committed 16256K, reserved 1062912K
  class space    used 1817K, capacity 1905K, committed 1920K, reserved 1048576K
Event: 2.700 GC heap after
Heap after GC invocations=6 (full 0):
 PSYoungGen      total 65024K, used 5106K [0x00000000f5580000, 0x00000000fee80000, 0x0000000100000000)
  eden space 59904K, 0% used [0x00000000f5580000,0x00000000f5580000,0x00000000f9000000)
  from space 5120K, 99% used [0x00000000f9b80000,0x00000000fa07c9e8,0x00000000fa080000)
  to   space 11776K, 0% used [0x00000000f9000000,0x00000000f9000000,0x00000000f9b80000)
 ParOldGen       total 87552K, used 12270K [0x00000000e0000000, 0x00000000e5580000, 0x00000000f5580000)
  object space 87552K, 14% used [0x00000000e0000000,0x00000000e0bfbbe0,0x00000000e5580000)
 Metaspace       used 15884K, capacity 16078K, committed 16256K, reserved 1062912K
  class space    used 1817K, capacity 1905K, committed 1920K, reserved 1048576K
}
Event: 3.219 GC heap before
{Heap before GC invocations=7 (full 0):
 PSYoungGen      total 65024K, used 65010K [0x00000000f5580000, 0x00000000fee80000, 0x0000000100000000)
  eden space 59904K, 100% used [0x00000000f5580000,0x00000000f9000000,0x00000000f9000000)
  from space 5120K, 99% used [0x00000000f9b80000,0x00000000fa07c9e8,0x00000000fa080000)
  to   space 11776K, 0% used [0x00000000f9000000,0x00000000f9000000,0x00000000f9b80000)
 ParOldGen       total 87552K, used 12270K [0x00000000e0000000, 0x00000000e5580000, 0x00000000f5580000)
  object space 87552K, 14% used [0x00000000e0000000,0x00000000e0bfbbe0,0x00000000e5580000)
 Metaspace       used 16260K, capacity 16436K, committed 16640K, reserved 1064960K
  class space    used 1854K, capacity 1938K, committed 2048K, reserved 1048576K
Event: 3.226 GC heap after
Heap after GC invocations=7 (full 0):
 PSYoungGen      total 71680K, used 7971K [0x00000000f5580000, 0x00000000fe180000, 0x0000000100000000)
  eden space 59904K, 0% used [0x00000000f5580000,0x00000000f5580000,0x00000000f9000000)
  from space 11776K, 67% used [0x00000000f9000000,0x00000000f97c8f88,0x00000000f9b80000)
  to   space 11776K, 0% used [0x00000000fd600000,0x00000000fd600000,0x00000000fe180000)
 ParOldGen       total 87552K, used 14554K [0x00000000e0000000, 0x00000000e5580000, 0x00000000f5580000)
  object space 87552K, 16% used [0x00000000e0000000,0x00000000e0e36b68,0x00000000e5580000)
 Metaspace       used 16260K, capacity 16436K, committed 16640K, reserved 1064960K
  class space    used 1854K, capacity 1938K, committed 2048K, reserved 1048576K
}
Event: 3.536 GC heap before
{Heap before GC invocations=8 (full 0):
 PSYoungGen      total 71680K, used 67875K [0x00000000f5580000, 0x00000000fe180000, 0x0000000100000000)
  eden space 59904K, 100% used [0x00000000f5580000,0x00000000f9000000,0x00000000f9000000)
  from space 11776K, 67% used [0x00000000f9000000,0x00000000f97c8f88,0x00000000f9b80000)
  to   space 11776K, 0% used [0x00000000fd600000,0x00000000fd600000,0x00000000fe180000)
 ParOldGen       total 87552K, used 14554K [0x00000000e0000000, 0x00000000e5580000, 0x00000000f5580000)
  object space 87552K, 16% used [0x00000000e0000000,0x00000000e0e36b68,0x00000000e5580000)
 Metaspace       used 18088K, capacity 18392K, committed 18560K, reserved 1064960K
  class space    used 2032K, capacity 2141K, committed 2176K, reserved 1048576K
Event: 3.540 GC heap after
Heap after GC invocations=8 (full 0):
 PSYoungGen      total 130560K, used 5800K [0x00000000f5580000, 0x00000000fe080000, 0x0000000100000000)
  eden space 119808K, 0% used [0x00000000f5580000,0x00000000f5580000,0x00000000fca80000)
  from space 10752K, 53% used [0x00000000fd600000,0x00000000fdbaa3a8,0x00000000fe080000)
  to   space 11264K, 0% used [0x00000000fca80000,0x00000000fca80000,0x00000000fd580000)
 ParOldGen       total 87552K, used 15197K [0x00000000e0000000, 0x00000000e5580000, 0x00000000f5580000)
  object space 87552K, 17% used [0x00000000e0000000,0x00000000e0ed77e8,0x00000000e5580000)
 Metaspace       used 18088K, capacity 18392K, committed 18560K, reserved 1064960K
  class space    used 2032K, capacity 2141K, committed 2176K, reserved 1048576K
}
Event: 4.418 GC heap before
{Heap before GC invocations=9 (full 0):
 PSYoungGen      total 130560K, used 84814K [0x00000000f5580000, 0x00000000fe080000, 0x0000000100000000)
  eden space 119808K, 65% used [0x00000000f5580000,0x00000000fa2a9510,0x00000000fca80000)
  from space 10752K, 53% used [0x00000000fd600000,0x00000000fdbaa3a8,0x00000000fe080000)
  to   space 11264K, 0% used [0x00000000fca80000,0x00000000fca80000,0x00000000fd580000)
 ParOldGen       total 87552K, used 15197K [0x00000000e0000000, 0x00000000e5580000, 0x00000000f5580000)
  object space 87552K, 17% used [0x00000000e0000000,0x00000000e0ed77e8,0x00000000e5580000)
 Metaspace       used 20890K, capacity 21188K, committed 21296K, reserved 1069056K
  class space    used 2345K, capacity 2431K, committed 2432K, reserved 1048576K
Event: 4.427 GC heap after
Heap after GC invocations=9 (full 0):
 PSYoungGen      total 131072K, used 7039K [0x00000000f5580000, 0x0000000100000000, 0x0000000100000000)
  eden space 119808K, 0% used [0x00000000f5580000,0x00000000f5580000,0x00000000fca80000)
  from space 11264K, 62% used [0x00000000fca80000,0x00000000fd15fde0,0x00000000fd580000)
  to   space 11264K, 0% used [0x00000000ff500000,0x00000000ff500000,0x0000000100000000)
 ParOldGen       total 87552K, used 17010K [0x00000000e0000000, 0x00000000e5580000, 0x00000000f5580000)
  object space 87552K, 19% used [0x00000000e0000000,0x00000000e109c8a8,0x00000000e5580000)
 Metaspace       used 20890K, capacity 21188K, committed 21296K, reserved 1069056K
  class space    used 2345K, capacity 2431K, committed 2432K, reserved 1048576K
}
Event: 4.427 GC heap before
{Heap before GC invocations=10 (full 1):
 PSYoungGen      total 131072K, used 7039K [0x00000000f5580000, 0x0000000100000000, 0x0000000100000000)
  eden space 119808K, 0% used [0x00000000f5580000,0x00000000f5580000,0x00000000fca80000)
  from space 11264K, 62% used [0x00000000fca80000,0x00000000fd15fde0,0x00000000fd580000)
  to   space 11264K, 0% used [0x00000000ff500000,0x00000000ff500000,0x0000000100000000)
 ParOldGen       total 87552K, used 17010K [0x00000000e0000000, 0x00000000e5580000, 0x00000000f5580000)
  object space 87552K, 19% used [0x00000000e0000000,0x00000000e109c8a8,0x00000000e5580000)
 Metaspace       used 20890K, capacity 21188K, committed 21296K, reserved 1069056K
  class space    used 2345K, capacity 2431K, committed 2432K, reserved 1048576K
Event: 4.478 GC heap after
Heap after GC invocations=10 (full 1):
 PSYoungGen      total 131072K, used 0K [0x00000000f5580000, 0x0000000100000000, 0x0000000100000000)
  eden space 119808K, 0% used [0x00000000f5580000,0x00000000f5580000,0x00000000fca80000)
  from space 11264K, 0% used [0x00000000fca80000,0x00000000fca80000,0x00000000fd580000)
  to   space 11264K, 0% used [0x00000000ff500000,0x00000000ff500000,0x0000000100000000)
 ParOldGen       total 87552K, used 17911K [0x00000000e0000000, 0x00000000e5580000, 0x00000000f5580000)
  object space 87552K, 20% used [0x00000000e0000000,0x00000000e117dc80,0x00000000e5580000)
 Metaspace       used 20890K, capacity 21188K, committed 21296K, reserved 1069056K
  class space    used 2345K, capacity 2431K, committed 2432K, reserved 1048576K
}

Deoptimization events (10 events):
Event: 4.680 Thread 0x000000001bbb7000 Uncommon trap: reason=unstable_if action=reinterpret pc=0x0000000003a8491c method=com.sun.org.apache.xerces.internal.impl.XMLEntityScanner.scanData(Ljava/lang/String;Lcom/sun/org/apache/xerces/internal/util/XMLStringBuffer;)Z @ 856
Event: 4.680 Thread 0x000000001bbb7000 Uncommon trap: reason=unstable_if action=reinterpret pc=0x0000000003a2e7c8 method=com.sun.org.apache.xerces.internal.impl.XMLEntityScanner.scanData(Ljava/lang/String;Lcom/sun/org/apache/xerces/internal/util/XMLStringBuffer;)Z @ 856
Event: 4.707 Thread 0x000000001bbb7000 Uncommon trap: reason=unstable_if action=reinterpret pc=0x0000000003aa00a0 method=weblogic.jsp.internal.jsp.JspTagLibraryParser.getLongTextValue(Lorg/w3c/dom/Node;)Ljava/lang/String; @ 166
Event: 4.775 Thread 0x000000001bbb7000 Uncommon trap: reason=unstable_if action=reinterpret pc=0x0000000003a85d84 method=com.sun.org.apache.xerces.internal.utils.XMLLimitAnalyzer.addValue(ILjava/lang/String;I)V @ 78
Event: 4.808 Thread 0x000000001bbb7000 Uncommon trap: reason=unstable_if action=reinterpret pc=0x0000000003b2053c method=com.sun.org.apache.xerces.internal.dom.DeferredDocumentImpl.getPrevSibling(IZ)I @ 86
Event: 4.942 Thread 0x000000001bbb7000 Uncommon trap: reason=unstable_if action=reinterpret pc=0x00000000037565e8 method=java.io.ObjectInputStream$BlockDataInputStream.readUnsignedShort()I @ 4
Event: 4.942 Thread 0x000000001bbb7000 Uncommon trap: reason=unstable_if action=reinterpret pc=0x00000000037757d0 method=java.io.ObjectInputStream$BlockDataInputStream.readUTFBody(J)Ljava/lang/String; @ 12
Event: 4.946 Thread 0x000000001bbb7000 Uncommon trap: reason=unstable_if action=reinterpret pc=0x0000000003700168 method=java.io.ObjectInputStream$BlockDataInputStream.readUTFSpan(Ljava/lang/StringBuilder;J)J @ 35
Event: 4.953 Thread 0x000000001bbb7000 Uncommon trap: reason=unstable_if action=reinterpret pc=0x00000000037664f8 method=java.lang.Math.min(JJ)J @ 3
Event: 4.953 Thread 0x000000001bbb7000 Uncommon trap: reason=unstable_if action=reinterpret pc=0x0000000003777afc method=java.lang.Math.min(JJ)J @ 3

Internal exceptions (10 events):
Event: 3.476 Thread 0x00000000030a2800 Implicit null exception at 0x0000000003620e07 to 0x000000000362237d
Event: 3.476 Thread 0x00000000030a2800 Exception <a 'java/lang/NullPointerException'> (0x00000000f83d35b8) thrown at [C:\re\workspace\8-2-build-windows-amd64-cygwin\jdk8u131\8869\hotspot\src\share\vm\runtime\sharedRuntime.cpp, line 605]
Event: 3.478 Thread 0x00000000030a2800 Exception <a 'java/lang/reflect/InvocationTargetException'> (0x00000000f8458c70) thrown at [C:\re\workspace\8-2-build-windows-amd64-cygwin\jdk8u131\8869\hotspot\src\share\vm\runtime\reflection.cpp, line 1092]
Event: 3.479 Thread 0x00000000030a2800 Exception <a 'java/lang/Exception'> (0x00000000f8458920) thrown at [C:\re\workspace\8-2-build-windows-amd64-cygwin\jdk8u131\8869\hotspot\src\share\vm\prims\jni.cpp, line 709]
Event: 3.506 Thread 0x00000000030a2800 Implicit null exception at 0x00000000039369f2 to 0x00000000039372d1
Event: 3.525 Thread 0x00000000030a2800 Exception <a 'java/lang/ClassNotFoundException': weblogic/utils/zip/Handler> (0x00000000f8d942b8) thrown at [C:\re\workspace\8-2-build-windows-amd64-cygwin\jdk8u131\8869\hotspot\src\share\vm\classfile\systemDictionary.cpp, line 210]
Event: 4.278 Thread 0x000000001bbb7000 Implicit null exception at 0x00000000037f4d0c to 0x00000000037f5421
Event: 4.314 Thread 0x000000001bbb7000 Exception <a 'java/lang/NoSuchMethodError': <clinit>> (0x00000000f940f7d8) thrown at [C:\re\workspace\8-2-build-windows-amd64-cygwin\jdk8u131\8869\hotspot\src\share\vm\prims\jni.cpp, line 1613]
Event: 4.678 Thread 0x000000001bbb7000 Implicit null exception at 0x0000000003a631dd to 0x0000000003a64c20
Event: 4.942 Thread 0x000000001bbb7000 Exception <a 'java/lang/NoSuchMethodError': <clinit>> (0x00000000f8865fe8) thrown at [C:\re\workspace\8-2-build-windows-amd64-cygwin\jdk8u131\8869\hotspot\src\share\vm\prims\jni.cpp, line 1613]

Events (10 events):
Event: 5.003 loading class com/sun/el/lang/ExpressionBuilder$NodeSoftReference
Event: 5.003 loading class com/sun/el/lang/ExpressionBuilder$NodeSoftReference done
Event: 5.003 loading class weblogic/jsp/internal/jsp/el21/GlassFishELNode
Event: 5.003 loading class weblogic/jsp/internal/jsp/el21/GlassFishELNode done
Event: 5.004 loading class weblogic/jsp/internal/jsp/el21/ELNode
Event: 5.004 loading class weblogic/jsp/internal/jsp/el21/ELNode done
Event: 5.004 loading class com/sun/el/parser/AstFunction
Event: 5.004 loading class com/sun/el/parser/AstFunction done
Event: 5.005 loading class weblogic/jsp/internal/jsp/ast/ELExpression
Event: 5.005 loading class weblogic/jsp/internal/jsp/ast/ELExpression done


Dynamic libraries:
0x00007ff738b40000 - 0x00007ff738b77000 	C:\Oracle\Middleware12c\oracle_common\jdk\jre\bin\javaw.exe
0x00007ff8ea3c0000 - 0x00007ff8ea5c9000 	C:\windows\SYSTEM32\ntdll.dll
0x00007ff8e84b0000 - 0x00007ff8e856e000 	C:\windows\System32\KERNEL32.DLL
0x00007ff8e7e70000 - 0x00007ff8e81eb000 	C:\windows\System32\KERNELBASE.dll
0x00007ff8e8310000 - 0x00007ff8e83be000 	C:\windows\System32\ADVAPI32.dll
0x00007ff8e8fc0000 - 0x00007ff8e9063000 	C:\windows\System32\msvcrt.dll
0x00007ff8e8710000 - 0x00007ff8e87ae000 	C:\windows\System32\sechost.dll
0x00007ff8e8570000 - 0x00007ff8e8690000 	C:\windows\System32\RPCRT4.dll
0x00007ff8e9bd0000 - 0x00007ff8e9d7d000 	C:\windows\System32\USER32.dll
0x00007ff8e7b30000 - 0x00007ff8e7b56000 	C:\windows\System32\win32u.dll
0x00007ff8e89f0000 - 0x00007ff8e8a19000 	C:\windows\System32\GDI32.dll
0x00007ff8e7b60000 - 0x00007ff8e7c78000 	C:\windows\System32\gdi32full.dll
0x00007ff8e79d0000 - 0x00007ff8e7a6d000 	C:\windows\System32\msvcp_win.dll
0x00007ff8e78b0000 - 0x00007ff8e79c1000 	C:\windows\System32\ucrtbase.dll
0x00007ff8cc4c0000 - 0x00007ff8cc765000 	C:\windows\WinSxS\amd64_microsoft.windows.common-controls_6595b64144ccf1df_6.0.22000.120_none_9d947278b86cc467\COMCTL32.dll
0x00007ff8ea2c0000 - 0x00007ff8ea2f2000 	C:\windows\System32\IMM32.DLL
0x0000000001650000 - 0x0000000001664000 	C:\windows\System32\umppc15907.dll
0x000000006cf60000 - 0x000000006d032000 	C:\Oracle\Middleware12c\oracle_common\jdk\jre\bin\msvcr100.dll
0x000000006fce0000 - 0x000000007057c000 	C:\Oracle\Middleware12c\oracle_common\jdk\jre\bin\server\jvm.dll
0x00007ff8e89e0000 - 0x00007ff8e89e9000 	C:\windows\System32\WSOCK32.dll
0x00007ff8e8250000 - 0x00007ff8e82bf000 	C:\windows\System32\WS2_32.dll
0x00007ff8e8700000 - 0x00007ff8e870a000 	C:\windows\System32\VERSION.dll
0x00007ff8ea100000 - 0x00007ff8ea108000 	C:\windows\System32\PSAPI.DLL
0x00007ff8ddf10000 - 0x00007ff8ddf43000 	C:\windows\SYSTEM32\WINMM.dll
0x000000006fcd0000 - 0x000000006fcdf000 	C:\Oracle\Middleware12c\oracle_common\jdk\jre\bin\verify.dll
0x000000006fca0000 - 0x000000006fcc9000 	C:\Oracle\Middleware12c\oracle_common\jdk\jre\bin\java.dll
0x000000006fc80000 - 0x000000006fc96000 	C:\Oracle\Middleware12c\oracle_common\jdk\jre\bin\zip.dll
0x00007ff8e9070000 - 0x00007ff8e9828000 	C:\windows\System32\SHELL32.dll
0x00007ff8e58e0000 - 0x00007ff8e6145000 	C:\windows\SYSTEM32\windows.storage.dll
0x00007ff8e9d80000 - 0x00007ff8ea0f8000 	C:\windows\System32\combase.dll
0x00007ff8e5770000 - 0x00007ff8e58d6000 	C:\windows\SYSTEM32\wintypes.dll
0x00007ff8e9a00000 - 0x00007ff8e9aea000 	C:\windows\System32\SHCORE.dll
0x00007ff8e81f0000 - 0x00007ff8e824d000 	C:\windows\System32\shlwapi.dll
0x00007ff8e7770000 - 0x00007ff8e7791000 	C:\windows\SYSTEM32\profapi.dll
0x000000006fc60000 - 0x000000006fc7a000 	C:\Oracle\Middleware12c\oracle_common\jdk\jre\bin\net.dll
0x00007ff8c8ea0000 - 0x00007ff8c9065000 	C:\windows\system32\mwtsp.dll
0x00007ff8e8840000 - 0x00007ff8e89da000 	C:\windows\System32\ole32.dll
0x00007ff8e26d0000 - 0x00007ff8e27e4000 	C:\windows\SYSTEM32\WINHTTP.dll
0x00007ff8e6b50000 - 0x00007ff8e6b92000 	C:\windows\SYSTEM32\SspiCli.dll
0x00007ff8e6d60000 - 0x00007ff8e6dc7000 	C:\windows\system32\mswsock.dll
0x00007ff8bd7b0000 - 0x00007ff8bd7c7000 	C:\windows\system32\napinsp.dll
0x00007ff8bd4d0000 - 0x00007ff8bd4eb000 	C:\windows\system32\pnrpnsp.dll
0x00007ff8e6410000 - 0x00007ff8e64f8000 	C:\windows\SYSTEM32\DNSAPI.dll
0x00007ff8e63e0000 - 0x00007ff8e640d000 	C:\windows\SYSTEM32\IPHLPAPI.DLL
0x00007ff8e8fb0000 - 0x00007ff8e8fb9000 	C:\windows\System32\NSI.dll
0x00007ff8bd3e0000 - 0x00007ff8bd3f2000 	C:\windows\System32\winrnr.dll
0x00007ff8bd2e0000 - 0x00007ff8bd2f5000 	C:\windows\system32\wshbth.dll
0x00007ff8bd2c0000 - 0x00007ff8bd2df000 	C:\windows\system32\nlansp_c.dll
0x00007ff8ddf50000 - 0x00007ff8ddf5a000 	C:\Windows\System32\rasadhlp.dll
0x00007ff8dc1a0000 - 0x00007ff8dc221000 	C:\windows\System32\fwpuclnt.dll

VM Arguments:
jvm_args: -Xms128m -Xmx512m -XX:MaxPermSize=128m -Xverify:none -Dweblogic.jsp.diagnosticWithAbsolutePath=true -Dweblogic.classloader.noJarSigners=true 
java_command: weblogic.appc @C:\Users\Gowsalya\AppData\Local\Temp\appcCommandList2158427578567434117.txt
java_class_path (initial): C:\Oracle\Middleware12c\oracle_common\jdk\lib\tools.jar;C:\Oracle\Middleware12c\wlserver\server\lib\weblogic.jar
Launcher Type: SUN_STANDARD

Environment Variables:
JAVA_HOME=C:\Oracle\Middleware_11g\jdk160_29
PATH=C:\windows\system32;C:\windows;C:\windows\system32\Wbem;C:\windows\system32;C:\windows;C:\windows\system32\Wbem;C:\ProgramData\Oracle\Java\javapath;C:\windows\System32\WindowsPowerShell\v1.0\;C:\windows\System32\OpenSSH\;C:\Program Files\TortoiseSVN\bin;C:\Oracle\Middleware_11g\jdk160_29\bin;C:\Program Files\dotnet\;C:\Users\Gowsalya\AppData\Local\Microsoft\WindowsApps;C:\Users\Gowsalya\.dotnet\tools;C:\Users\Gowsalya\AppData\Local\Programs\Microsoft VS Code\bin
USERNAME=Gowsalya
OS=Windows_NT
PROCESSOR_IDENTIFIER=Intel64 Family 6 Model 140 Stepping 2, GenuineIntel



---------------  S Y S T E M  ---------------

OS: Windows 10.0 , 64 bit Build 22000 (10.0.22000.1219)

CPU:total 8 (initial active 8) (4 cores per cpu, 2 threads per core) family 6 model 140 stepping 2, cmov, cx8, fxsr, mmx, sse, sse2, sse3, ssse3, sse4.1, sse4.2, popcnt, avx, avx2, aes, clmul, erms, 3dnowpref, lzcnt, ht, tsc, tscinvbit, bmi1, bmi2, adx

Memory: 4k page, physical 8132600k(477640k free), swap 12228600k(5320k free)

vm_info: Java HotSpot(TM) 64-Bit Server VM (25.131-b11) for windows-amd64 JRE (1.8.0_131-b11), built on Mar 15 2017 01:23:53 by "java_re" with MS VC++ 10.0 (VS2010)

time: Thu Nov 10 21:29:10 2022
elapsed time: 5 seconds (0d 0h 0m 5s)

