#
# There is insufficient memory for the Java Runtime Environment to continue.
# Native memory allocation (malloc) failed to allocate 669664 bytes for Chunk::new
# Possible reasons:
#   The system is out of physical RAM or swap space
#   In 32 bit mode, the process size limit was hit
# Possible solutions:
#   Reduce memory load on the system
#   Increase physical memory or swap space
#   Check if swap backing store is full
#   Use 64 bit Java on a 64 bit OS
#   Decrease Java heap size (-Xmx/-Xms)
#   Decrease number of Java threads
#   Decrease Java thread stack sizes (-Xss)
#   Set larger code cache with -XX:ReservedCodeCacheSize=
# This output file may be truncated or incomplete.
#
#  Out of Memory Error (allocation.cpp:390), pid=10644, tid=0x0000000000002d68
#
# JRE version: Java(TM) SE Runtime Environment (8.0_131-b11) (build 1.8.0_131-b11)
# Java VM: Java HotSpot(TM) 64-Bit Server VM (25.131-b11 mixed mode windows-amd64 compressed oops)
# Failed to write core dump. Minidumps are not enabled by default on client versions of Windows
#

---------------  T H R E A D  ---------------

Current thread (0x0000000016702000):  JavaThread "C2 CompilerThread0" daemon [_thread_in_native, id=11624, stack(0x0000000016ed0000,0x0000000016fd0000)]

Stack: [0x0000000016ed0000,0x0000000016fd0000]
[error occurred during error reporting (printing stack bounds), id 0xc0000005]

Native frames: (J=compiled Java code, j=interpreted, Vv=VM code, C=native code)


Current CompileTask:
C2:   6031 2260       4       com.bea.objectweb.asm.ClassReader::a (662 bytes)


---------------  P R O C E S S  ---------------

Java Threads: ( => current thread )
  0x0000000019563000 JavaThread "ImmediateThread-1668166751808" daemon [_thread_blocked, id=13056, stack(0x0000000019c70000,0x0000000019d70000)]
  0x000000001676f800 JavaThread "Service Thread" daemon [_thread_blocked, id=13188, stack(0x00000000172d0000,0x00000000173d0000)]
  0x0000000016725000 JavaThread "C1 CompilerThread3" daemon [_thread_blocked, id=15268, stack(0x00000000171d0000,0x00000000172d0000)]
  0x0000000016709000 JavaThread "C2 CompilerThread2" daemon [_thread_in_native, id=1120, stack(0x00000000170d0000,0x00000000171d0000)]
  0x0000000016705800 JavaThread "C2 CompilerThread1" daemon [_thread_in_native, id=15244, stack(0x0000000016fd0000,0x00000000170d0000)]
=>0x0000000016702000 JavaThread "C2 CompilerThread0" daemon [_thread_in_native, id=11624, stack(0x0000000016ed0000,0x0000000016fd0000)]
  0x00000000166fc800 JavaThread "Attach Listener" daemon [_thread_blocked, id=6012, stack(0x0000000016dd0000,0x0000000016ed0000)]
  0x00000000166fb800 JavaThread "Signal Dispatcher" daemon [_thread_blocked, id=4988, stack(0x0000000016cd0000,0x0000000016dd0000)]
  0x00000000166f0800 JavaThread "Finalizer" daemon [_thread_blocked, id=10608, stack(0x0000000016ad0000,0x0000000016bd0000)]
  0x0000000002f88000 JavaThread "Reference Handler" daemon [_thread_blocked, id=1692, stack(0x00000000165d0000,0x00000000166d0000)]
  0x0000000002e92800 JavaThread "main" [_thread_in_native, id=1860, stack(0x0000000002d90000,0x0000000002e90000)]

Other Threads:
  0x00000000147f7800 VMThread [stack: 0x00000000164d0000,0x00000000165d0000] [id=14624]
  0x0000000016773000 WatcherThread [stack: 0x00000000173d0000,0x00000000174d0000] [id=8088]

VM state:not at safepoint (normal execution)

VM Mutex/Monitor currently owned by a thread: None

Heap:
 PSYoungGen      total 142336K, used 40828K [0x00000000f5580000, 0x0000000100000000, 0x0000000100000000)
  eden space 130048K, 21% used [0x00000000f5580000,0x00000000f7163f80,0x00000000fd480000)
  from space 12288K, 99% used [0x00000000fd480000,0x00000000fe07b2a0,0x00000000fe080000)
  to   space 17408K, 0% used [0x00000000fef00000,0x00000000fef00000,0x0000000100000000)
 ParOldGen       total 87552K, used 19471K [0x00000000e0000000, 0x00000000e5580000, 0x00000000f5580000)
  object space 87552K, 22% used [0x00000000e0000000,0x00000000e1303f40,0x00000000e5580000)
 Metaspace       used 19011K, capacity 19362K, committed 19456K, reserved 1067008K
  class space    used 2088K, capacity 2210K, committed 2304K, reserved 1048576K

Card table byte_map: [0x0000000012350000,0x0000000012460000] byte_map_base: 0x0000000011c50000

Marking Bits: (ParMarkBitMap*) 0x000000005c1ac720
 Begin Bits: [0x0000000012d10000, 0x0000000013510000)
 End Bits:   [0x0000000013510000, 0x0000000013d10000)

Polling page: 0x0000000001430000

CodeCache: size=245760Kb used=8187Kb max_used=8199Kb free=237573Kb
 bounds [0x0000000002f90000, 0x00000000037a0000, 0x0000000011f90000]
 total_blobs=2643 nmethods=2257 adapters=298
 compilation: enabled

Compilation events (10 events):
Event: 5.779 Thread 0x0000000016702000 nmethod 2255 0x0000000003614f10 code [0x0000000003615040, 0x00000000036150b8]
Event: 5.888 Thread 0x0000000016725000 2256       3       sun.nio.fs.WindowsPathParser::isInvalidPathChar (22 bytes)
Event: 5.888 Thread 0x0000000016725000 nmethod 2256 0x0000000003746290 code [0x0000000003746400, 0x0000000003746768]
Event: 5.908 Thread 0x0000000016702000 2257       4       java.util.zip.ZipCoder::decoder (35 bytes)
Event: 5.910 Thread 0x0000000016702000 nmethod 2257 0x0000000003744950 code [0x0000000003744ac0, 0x0000000003744c08]
Event: 5.912 Thread 0x0000000016702000 2258   !   4       java.io.WinNTFileSystem::resolve (362 bytes)
Event: 5.912 Thread 0x0000000016725000 2259       3       com.bea.objectweb.asm.ClassReader::readConst (283 bytes)
Event: 5.914 Thread 0x0000000016725000 nmethod 2259 0x0000000003796a50 code [0x0000000003796de0, 0x00000000037986b8]
Event: 5.921 Thread 0x0000000016702000 nmethod 2258 0x000000000376fc10 code [0x000000000376fde0, 0x00000000037704e0]
Event: 5.921 Thread 0x0000000016702000 2260       4       com.bea.objectweb.asm.ClassReader::a (662 bytes)

GC Heap History (10 events):
Event: 1.644 GC heap before
{Heap before GC invocations=5 (full 0):
 PSYoungGen      total 38400K, used 38380K [0x00000000f5580000, 0x00000000fa080000, 0x0000000100000000)
  eden space 33280K, 100% used [0x00000000f5580000,0x00000000f7600000,0x00000000f7600000)
  from space 5120K, 99% used [0x00000000f7b00000,0x00000000f7ffb380,0x00000000f8000000)
  to   space 5120K, 0% used [0x00000000f7600000,0x00000000f7600000,0x00000000f7b00000)
 ParOldGen       total 87552K, used 2145K [0x00000000e0000000, 0x00000000e5580000, 0x00000000f5580000)
  object space 87552K, 2% used [0x00000000e0000000,0x00000000e0218618,0x00000000e5580000)
 Metaspace       used 12529K, capacity 12782K, committed 13056K, reserved 1060864K
  class space    used 1392K, capacity 1489K, committed 1536K, reserved 1048576K
Event: 1.649 GC heap after
Heap after GC invocations=5 (full 0):
 PSYoungGen      total 38400K, used 5116K [0x00000000f5580000, 0x00000000fa780000, 0x0000000100000000)
  eden space 33280K, 0% used [0x00000000f5580000,0x00000000f5580000,0x00000000f7600000)
  from space 5120K, 99% used [0x00000000f7600000,0x00000000f7aff0a8,0x00000000f7b00000)
  to   space 8704K, 0% used [0x00000000f9f00000,0x00000000f9f00000,0x00000000fa780000)
 ParOldGen       total 87552K, used 4968K [0x00000000e0000000, 0x00000000e5580000, 0x00000000f5580000)
  object space 87552K, 5% used [0x00000000e0000000,0x00000000e04da298,0x00000000e5580000)
 Metaspace       used 12529K, capacity 12782K, committed 13056K, reserved 1060864K
  class space    used 1392K, capacity 1489K, committed 1536K, reserved 1048576K
}
Event: 1.995 GC heap before
{Heap before GC invocations=6 (full 0):
 PSYoungGen      total 38400K, used 38396K [0x00000000f5580000, 0x00000000fa780000, 0x0000000100000000)
  eden space 33280K, 100% used [0x00000000f5580000,0x00000000f7600000,0x00000000f7600000)
  from space 5120K, 99% used [0x00000000f7600000,0x00000000f7aff0a8,0x00000000f7b00000)
  to   space 8704K, 0% used [0x00000000f9f00000,0x00000000f9f00000,0x00000000fa780000)
 ParOldGen       total 87552K, used 4968K [0x00000000e0000000, 0x00000000e5580000, 0x00000000f5580000)
  object space 87552K, 5% used [0x00000000e0000000,0x00000000e04da298,0x00000000e5580000)
 Metaspace       used 13572K, capacity 13806K, committed 13952K, reserved 1060864K
  class space    used 1544K, capacity 1617K, committed 1664K, reserved 1048576K
Event: 2.001 GC heap after
Heap after GC invocations=6 (full 0):
 PSYoungGen      total 74752K, used 7811K [0x00000000f5580000, 0x00000000fa880000, 0x0000000100000000)
  eden space 66048K, 0% used [0x00000000f5580000,0x00000000f5580000,0x00000000f9600000)
  from space 8704K, 89% used [0x00000000f9f00000,0x00000000fa6a0c00,0x00000000fa780000)
  to   space 9216K, 0% used [0x00000000f9600000,0x00000000f9600000,0x00000000f9f00000)
 ParOldGen       total 87552K, used 5040K [0x00000000e0000000, 0x00000000e5580000, 0x00000000f5580000)
  object space 87552K, 5% used [0x00000000e0000000,0x00000000e04ec2a8,0x00000000e5580000)
 Metaspace       used 13572K, capacity 13806K, committed 13952K, reserved 1060864K
  class space    used 1544K, capacity 1617K, committed 1664K, reserved 1048576K
}
Event: 2.905 GC heap before
{Heap before GC invocations=7 (full 0):
 PSYoungGen      total 74752K, used 73859K [0x00000000f5580000, 0x00000000fa880000, 0x0000000100000000)
  eden space 66048K, 100% used [0x00000000f5580000,0x00000000f9600000,0x00000000f9600000)
  from space 8704K, 89% used [0x00000000f9f00000,0x00000000fa6a0c00,0x00000000fa780000)
  to   space 9216K, 0% used [0x00000000f9600000,0x00000000f9600000,0x00000000f9f00000)
 ParOldGen       total 87552K, used 5040K [0x00000000e0000000, 0x00000000e5580000, 0x00000000f5580000)
  object space 87552K, 5% used [0x00000000e0000000,0x00000000e04ec2a8,0x00000000e5580000)
 Metaspace       used 15901K, capacity 16142K, committed 16256K, reserved 1062912K
  class space    used 1817K, capacity 1905K, committed 1920K, reserved 1048576K
Event: 2.914 GC heap after
Heap after GC invocations=7 (full 0):
 PSYoungGen      total 75264K, used 8412K [0x00000000f5580000, 0x00000000fea80000, 0x0000000100000000)
  eden space 66048K, 0% used [0x00000000f5580000,0x00000000f5580000,0x00000000f9600000)
  from space 9216K, 91% used [0x00000000f9600000,0x00000000f9e371b8,0x00000000f9f00000)
  to   space 10240K, 0% used [0x00000000fe080000,0x00000000fe080000,0x00000000fea80000)
 ParOldGen       total 87552K, used 7982K [0x00000000e0000000, 0x00000000e5580000, 0x00000000f5580000)
  object space 87552K, 9% used [0x00000000e0000000,0x00000000e07cbad0,0x00000000e5580000)
 Metaspace       used 15901K, capacity 16142K, committed 16256K, reserved 1062912K
  class space    used 1817K, capacity 1905K, committed 1920K, reserved 1048576K
}
Event: 3.707 GC heap before
{Heap before GC invocations=8 (full 0):
 PSYoungGen      total 75264K, used 74460K [0x00000000f5580000, 0x00000000fea80000, 0x0000000100000000)
  eden space 66048K, 100% used [0x00000000f5580000,0x00000000f9600000,0x00000000f9600000)
  from space 9216K, 91% used [0x00000000f9600000,0x00000000f9e371b8,0x00000000f9f00000)
  to   space 10240K, 0% used [0x00000000fe080000,0x00000000fe080000,0x00000000fea80000)
 ParOldGen       total 87552K, used 7982K [0x00000000e0000000, 0x00000000e5580000, 0x00000000f5580000)
  object space 87552K, 9% used [0x00000000e0000000,0x00000000e07cbad0,0x00000000e5580000)
 Metaspace       used 16637K, capacity 16852K, committed 17152K, reserved 1064960K
  class space    used 1883K, capacity 1970K, committed 2048K, reserved 1048576K
Event: 3.719 GC heap after
Heap after GC invocations=8 (full 0):
 PSYoungGen      total 140288K, used 10218K [0x00000000f5580000, 0x00000000fee80000, 0x0000000100000000)
  eden space 130048K, 0% used [0x00000000f5580000,0x00000000f5580000,0x00000000fd480000)
  from space 10240K, 99% used [0x00000000fe080000,0x00000000fea7a9f0,0x00000000fea80000)
  to   space 12288K, 0% used [0x00000000fd480000,0x00000000fd480000,0x00000000fe080000)
 ParOldGen       total 87552K, used 10240K [0x00000000e0000000, 0x00000000e5580000, 0x00000000f5580000)
  object space 87552K, 11% used [0x00000000e0000000,0x00000000e0a00300,0x00000000e5580000)
 Metaspace       used 16637K, capacity 16852K, committed 17152K, reserved 1064960K
  class space    used 1883K, capacity 1970K, committed 2048K, reserved 1048576K
}
Event: 5.603 GC heap before
{Heap before GC invocations=9 (full 0):
 PSYoungGen      total 140288K, used 140266K [0x00000000f5580000, 0x00000000fee80000, 0x0000000100000000)
  eden space 130048K, 100% used [0x00000000f5580000,0x00000000fd480000,0x00000000fd480000)
  from space 10240K, 99% used [0x00000000fe080000,0x00000000fea7a9f0,0x00000000fea80000)
  to   space 12288K, 0% used [0x00000000fd480000,0x00000000fd480000,0x00000000fe080000)
 ParOldGen       total 87552K, used 10240K [0x00000000e0000000, 0x00000000e5580000, 0x00000000f5580000)
  object space 87552K, 11% used [0x00000000e0000000,0x00000000e0a00318,0x00000000e5580000)
 Metaspace       used 18995K, capacity 19362K, committed 19456K, reserved 1067008K
  class space    used 2087K, capacity 2210K, committed 2304K, reserved 1048576K
Event: 5.622 GC heap after
Heap after GC invocations=9 (full 0):
 PSYoungGen      total 142336K, used 12268K [0x00000000f5580000, 0x0000000100000000, 0x0000000100000000)
  eden space 130048K, 0% used [0x00000000f5580000,0x00000000f5580000,0x00000000fd480000)
  from space 12288K, 99% used [0x00000000fd480000,0x00000000fe07b2a0,0x00000000fe080000)
  to   space 17408K, 0% used [0x00000000fef00000,0x00000000fef00000,0x0000000100000000)
 ParOldGen       total 87552K, used 19471K [0x00000000e0000000, 0x00000000e5580000, 0x00000000f5580000)
  object space 87552K, 22% used [0x00000000e0000000,0x00000000e1303f40,0x00000000e5580000)
 Metaspace       used 18995K, capacity 19362K, committed 19456K, reserved 1067008K
  class space    used 2087K, capacity 2210K, committed 2304K, reserved 1048576K
}

Deoptimization events (10 events):
Event: 5.195 Thread 0x0000000002e92800 Uncommon trap: reason=unstable_if action=reinterpret pc=0x00000000036fe30c method=com.bea.objectweb.asm.ClassReader.b(Lcom/bea/objectweb/asm/ClassVisitor;Lcom/bea/objectweb/asm/Context;I)I @ 262
Event: 5.214 Thread 0x0000000002e92800 Uncommon trap: reason=bimorphic action=maybe_recompile pc=0x00000000036eef38 method=weblogic.application.utils.annotation.ClassfinderClassInfos.addAnnotationContributors(Lweblogic/application/utils/annotation/ClassfinderClassInfos$Cache;Ljava/lang/String;
Event: 5.215 Thread 0x0000000002e92800 Uncommon trap: reason=bimorphic action=maybe_recompile pc=0x00000000036eef38 method=weblogic.application.utils.annotation.ClassfinderClassInfos.addAnnotationContributors(Lweblogic/application/utils/annotation/ClassfinderClassInfos$Cache;Ljava/lang/String;
Event: 5.217 Thread 0x0000000002e92800 Uncommon trap: reason=bimorphic action=maybe_recompile pc=0x00000000036eef38 method=weblogic.application.utils.annotation.ClassfinderClassInfos.addAnnotationContributors(Lweblogic/application/utils/annotation/ClassfinderClassInfos$Cache;Ljava/lang/String;
Event: 5.267 Thread 0x0000000002e92800 Uncommon trap: reason=unstable_if action=reinterpret pc=0x0000000003732c70 method=com.bea.objectweb.asm.ClassReader.a(II[C)Ljava/lang/String; @ 77
Event: 5.384 Thread 0x0000000002e92800 Uncommon trap: reason=bimorphic action=maybe_recompile pc=0x00000000036eef38 method=weblogic.application.utils.annotation.ClassfinderClassInfos.addAnnotationContributors(Lweblogic/application/utils/annotation/ClassfinderClassInfos$Cache;Ljava/lang/String;
Event: 5.648 Thread 0x0000000002e92800 Uncommon trap: reason=unstable_if action=reinterpret pc=0x00000000037869a4 method=com.bea.objectweb.asm.ClassReader.b(Lcom/bea/objectweb/asm/ClassVisitor;Lcom/bea/objectweb/asm/Context;I)I @ 1038
Event: 5.652 Thread 0x0000000002e92800 Uncommon trap: reason=bimorphic action=maybe_recompile pc=0x0000000003772d54 method=weblogic.application.utils.annotation.ClassfinderClassInfos.addAnnotationContributors(Lweblogic/application/utils/annotation/ClassfinderClassInfos$Cache;Ljava/lang/String;
Event: 5.654 Thread 0x0000000002e92800 Uncommon trap: reason=bimorphic action=maybe_recompile pc=0x0000000003772d54 method=weblogic.application.utils.annotation.ClassfinderClassInfos.addAnnotationContributors(Lweblogic/application/utils/annotation/ClassfinderClassInfos$Cache;Ljava/lang/String;
Event: 5.876 Thread 0x0000000002e92800 Uncommon trap: reason=unloaded action=reinterpret pc=0x00000000036f7294 method=com.bea.objectweb.asm.ClassReader.readConst(I[C)Ljava/lang/Object; @ 104

Internal exceptions (10 events):
Event: 1.839 Thread 0x0000000002e92800 Implicit null exception at 0x00000000030ecf56 to 0x00000000030ed305
Event: 2.457 Thread 0x0000000002e92800 Exception <a 'java/lang/ArrayIndexOutOfBoundsException': 5> (0x00000000f706ec98) thrown at [C:\re\workspace\8-2-build-windows-amd64-cygwin\jdk8u131\8869\hotspot\src\share\vm\interpreter\interpreterRuntime.cpp, line 366]
Event: 4.043 Thread 0x0000000002e92800 Implicit null exception at 0x0000000003341547 to 0x0000000003342abd
Event: 4.043 Thread 0x0000000002e92800 Exception <a 'java/lang/NullPointerException'> (0x00000000f7e3e0d0) thrown at [C:\re\workspace\8-2-build-windows-amd64-cygwin\jdk8u131\8869\hotspot\src\share\vm\runtime\sharedRuntime.cpp, line 605]
Event: 4.050 Thread 0x0000000002e92800 Exception <a 'java/lang/reflect/InvocationTargetException'> (0x00000000f7ec3898) thrown at [C:\re\workspace\8-2-build-windows-amd64-cygwin\jdk8u131\8869\hotspot\src\share\vm\runtime\reflection.cpp, line 1092]
Event: 4.050 Thread 0x0000000002e92800 Exception <a 'java/lang/Exception'> (0x00000000f7ec3548) thrown at [C:\re\workspace\8-2-build-windows-amd64-cygwin\jdk8u131\8869\hotspot\src\share\vm\prims\jni.cpp, line 709]
Event: 4.107 Thread 0x0000000002e92800 Implicit null exception at 0x000000000365b432 to 0x000000000365bd11
Event: 4.179 Thread 0x0000000002e92800 Exception <a 'java/lang/ClassNotFoundException': weblogic/utils/zip/Handler> (0x00000000f8a4ae10) thrown at [C:\re\workspace\8-2-build-windows-amd64-cygwin\jdk8u131\8869\hotspot\src\share\vm\classfile\systemDictionary.cpp, line 210]
Event: 4.227 Thread 0x0000000002e92800 Exception <a 'java/lang/NoSuchMethodError': <clinit>> (0x00000000f900db28) thrown at [C:\re\workspace\8-2-build-windows-amd64-cygwin\jdk8u131\8869\hotspot\src\share\vm\prims\jni.cpp, line 1613]
Event: 5.183 Thread 0x0000000002e92800 Implicit null exception at 0x00000000036f5c60 to 0x00000000036f6289

Events (10 events):
Event: 5.648 loading class com/bea/objectweb/asm/Type done
Event: 5.652 Thread 0x0000000002e92800 Uncommon trap: trap_request=0xffffffc6 fr.pc=0x0000000003772d54
Event: 5.652 Thread 0x0000000002e92800 DEOPT PACKING pc=0x0000000003772d54 sp=0x0000000002e8e3b0
Event: 5.652 Thread 0x0000000002e92800 DEOPT UNPACKING pc=0x0000000002fd582a sp=0x0000000002e8e360 mode 2
Event: 5.654 Thread 0x0000000002e92800 Uncommon trap: trap_request=0xffffffc6 fr.pc=0x0000000003772d54
Event: 5.654 Thread 0x0000000002e92800 DEOPT PACKING pc=0x0000000003772d54 sp=0x0000000002e8e3b0
Event: 5.654 Thread 0x0000000002e92800 DEOPT UNPACKING pc=0x0000000002fd582a sp=0x0000000002e8e360 mode 2
Event: 5.876 Thread 0x0000000002e92800 Uncommon trap: trap_request=0x00000052 fr.pc=0x00000000036f7294
Event: 5.876 Thread 0x0000000002e92800 DEOPT PACKING pc=0x00000000036f7294 sp=0x0000000002e8dfb0
Event: 5.876 Thread 0x0000000002e92800 DEOPT UNPACKING pc=0x0000000002fd582a sp=0x0000000002e8df50 mode 2


Dynamic libraries:
0x00007ff6c4230000 - 0x00007ff6c4267000 	C:\Oracle\Middleware12c\oracle_common\jdk\jre\bin\javaw.exe
0x00007fff3ad60000 - 0x00007fff3af69000 	C:\windows\SYSTEM32\ntdll.dll
0x00007fff393f0000 - 0x00007fff394ae000 	C:\windows\System32\KERNEL32.DLL
0x00007fff38440000 - 0x00007fff387bb000 	C:\windows\System32\KERNELBASE.dll
0x00007fff39220000 - 0x00007fff392ce000 	C:\windows\System32\ADVAPI32.dll
0x00007fff3aa90000 - 0x00007fff3ab33000 	C:\windows\System32\msvcrt.dll
0x00007fff3a450000 - 0x00007fff3a4ee000 	C:\windows\System32\sechost.dll
0x00007fff392d0000 - 0x00007fff393f0000 	C:\windows\System32\RPCRT4.dll
0x00007fff39e80000 - 0x00007fff3a02d000 	C:\windows\System32\USER32.dll
0x00007fff38a40000 - 0x00007fff38a66000 	C:\windows\System32\win32u.dll
0x00007fff3a410000 - 0x00007fff3a439000 	C:\windows\System32\GDI32.dll
0x00007fff38a70000 - 0x00007fff38b88000 	C:\windows\System32\gdi32full.dll
0x00007fff389a0000 - 0x00007fff38a3d000 	C:\windows\System32\msvcp_win.dll
0x00007fff387c0000 - 0x00007fff388d1000 	C:\windows\System32\ucrtbase.dll
0x00007fff1f080000 - 0x00007fff1f325000 	C:\windows\WinSxS\amd64_microsoft.windows.common-controls_6595b64144ccf1df_6.0.22000.120_none_9d947278b86cc467\COMCTL32.dll
0x00007fff394e0000 - 0x00007fff39512000 	C:\windows\System32\IMM32.DLL
0x0000000001450000 - 0x0000000001464000 	C:\windows\System32\umppc15907.dll
0x0000000058ba0000 - 0x0000000058c72000 	C:\Oracle\Middleware12c\oracle_common\jdk\jre\bin\msvcr100.dll
0x000000005b990000 - 0x000000005c22c000 	C:\Oracle\Middleware12c\oracle_common\jdk\jre\bin\server\jvm.dll
0x00007fff3a440000 - 0x00007fff3a449000 	C:\windows\System32\WSOCK32.dll
0x00007fff3a4f0000 - 0x00007fff3a55f000 	C:\windows\System32\WS2_32.dll
0x00007fff3a3f0000 - 0x00007fff3a3fa000 	C:\windows\System32\VERSION.dll
0x00007fff3aa80000 - 0x00007fff3aa88000 	C:\windows\System32\PSAPI.DLL
0x00007fff32810000 - 0x00007fff32843000 	C:\windows\SYSTEM32\WINMM.dll
0x000000005b980000 - 0x000000005b98f000 	C:\Oracle\Middleware12c\oracle_common\jdk\jre\bin\verify.dll
0x000000005b950000 - 0x000000005b979000 	C:\Oracle\Middleware12c\oracle_common\jdk\jre\bin\java.dll
0x000000005b930000 - 0x000000005b946000 	C:\Oracle\Middleware12c\oracle_common\jdk\jre\bin\zip.dll
0x00007fff39520000 - 0x00007fff39cd8000 	C:\windows\System32\SHELL32.dll
0x00007fff36280000 - 0x00007fff36ae5000 	C:\windows\SYSTEM32\windows.storage.dll
0x00007fff3a700000 - 0x00007fff3aa78000 	C:\windows\System32\combase.dll
0x00007fff36110000 - 0x00007fff36276000 	C:\windows\SYSTEM32\wintypes.dll
0x00007fff3ab40000 - 0x00007fff3ac2a000 	C:\windows\System32\SHCORE.dll
0x00007fff3a6a0000 - 0x00007fff3a6fd000 	C:\windows\System32\shlwapi.dll
0x00007fff38110000 - 0x00007fff38131000 	C:\windows\SYSTEM32\profapi.dll
0x000000005b910000 - 0x000000005b92a000 	C:\Oracle\Middleware12c\oracle_common\jdk\jre\bin\net.dll
0x00007fff1b190000 - 0x00007fff1b355000 	C:\windows\system32\mwtsp.dll
0x00007fff3a250000 - 0x00007fff3a3ea000 	C:\windows\System32\ole32.dll
0x00007fff33650000 - 0x00007fff33764000 	C:\windows\SYSTEM32\WINHTTP.dll
0x00007fff374f0000 - 0x00007fff37532000 	C:\windows\SYSTEM32\SspiCli.dll
0x00007fff37700000 - 0x00007fff37767000 	C:\windows\system32\mswsock.dll
0x00007fff0e760000 - 0x00007fff0e777000 	C:\windows\system32\napinsp.dll
0x00007fff0e740000 - 0x00007fff0e75b000 	C:\windows\system32\pnrpnsp.dll
0x00007fff36dc0000 - 0x00007fff36ea8000 	C:\windows\SYSTEM32\DNSAPI.dll
0x00007fff36d90000 - 0x00007fff36dbd000 	C:\windows\SYSTEM32\IPHLPAPI.DLL
0x00007fff3a240000 - 0x00007fff3a249000 	C:\windows\System32\NSI.dll
0x00007fff0e720000 - 0x00007fff0e732000 	C:\windows\System32\winrnr.dll
0x00007fff0e700000 - 0x00007fff0e715000 	C:\windows\system32\wshbth.dll
0x00007fff0dec0000 - 0x00007fff0dedf000 	C:\windows\system32\nlansp_c.dll
0x00007fff30cc0000 - 0x00007fff30cca000 	C:\Windows\System32\rasadhlp.dll
0x00007fff2d610000 - 0x00007fff2d691000 	C:\windows\System32\fwpuclnt.dll

VM Arguments:
jvm_args: -Xms128m -Xmx512m -XX:MaxPermSize=128m -Xverify:none -Dweblogic.jsp.diagnosticWithAbsolutePath=true -Dweblogic.classloader.noJarSigners=true 
java_command: weblogic.appc @C:\Users\Gowsalya\AppData\Local\Temp\appcCommandList6823917618666425696.txt
java_class_path (initial): C:\Oracle\Middleware12c\oracle_common\jdk\lib\tools.jar;C:\Oracle\Middleware12c\wlserver\server\lib\weblogic.jar
Launcher Type: SUN_STANDARD

Environment Variables:
JAVA_HOME=C:\Oracle\Middleware_11g\jdk160_29
PATH=C:\windows\system32;C:\windows;C:\windows\system32\Wbem;C:\windows\system32;C:\windows;C:\windows\system32\Wbem;C:\ProgramData\Oracle\Java\javapath;C:\windows\System32\WindowsPowerShell\v1.0\;C:\windows\System32\OpenSSH\;C:\Program Files\TortoiseSVN\bin;C:\Oracle\Middleware_11g\jdk160_29\bin;C:\Program Files\dotnet\;C:\Users\Gowsalya\AppData\Local\Microsoft\WindowsApps;C:\Users\Gowsalya\.dotnet\tools;C:\Users\Gowsalya\AppData\Local\Programs\Microsoft VS Code\bin
USERNAME=Gowsalya
OS=Windows_NT
PROCESSOR_IDENTIFIER=Intel64 Family 6 Model 140 Stepping 2, GenuineIntel



---------------  S Y S T E M  ---------------

OS: Windows 10.0 , 64 bit Build 22000 (10.0.22000.1219)

CPU:total 8 (initial active 8) (4 cores per cpu, 2 threads per core) family 6 model 140 stepping 2, cmov, cx8, fxsr, mmx, sse, sse2, sse3, ssse3, sse4.1, sse4.2, popcnt, avx, avx2, aes, clmul, erms, 3dnowpref, lzcnt, ht, tsc, tscinvbit, bmi1, bmi2, adx

Memory: 4k page, physical 8132600k(215176k free), swap 12228600k(1156k free)

vm_info: Java HotSpot(TM) 64-Bit Server VM (25.131-b11) for windows-amd64 JRE (1.8.0_131-b11), built on Mar 15 2017 01:23:53 by "java_re" with MS VC++ 10.0 (VS2010)

time: Fri Nov 11 17:09:16 2022
elapsed time: 6 seconds (0d 0h 0m 6s)

