#
# There is insufficient memory for the Java Runtime Environment to continue.
# Native memory allocation (malloc) failed to allocate 1391504 bytes for Chunk::new
# Possible reasons:
#   The system is out of physical RAM or swap space
#   In 32 bit mode, the process size limit was hit
# Possible solutions:
#   Reduce memory load on the system
#   Increase physical memory or swap space
#   Check if swap backing store is full
#   Use 64 bit Java on a 64 bit OS
#   Decrease Java heap size (-Xmx/-Xms)
#   Decrease number of Java threads
#   Decrease Java thread stack sizes (-Xss)
#   Set larger code cache with -XX:ReservedCodeCacheSize=
# This output file may be truncated or incomplete.
#
#  Out of Memory Error (allocation.cpp:390), pid=5756, tid=0x0000000000003208
#
# JRE version: Java(TM) SE Runtime Environment (8.0_131-b11) (build 1.8.0_131-b11)
# Java VM: Java HotSpot(TM) 64-Bit Server VM (25.131-b11 mixed mode windows-amd64 compressed oops)
# Failed to write core dump. Minidumps are not enabled by default on client versions of Windows
#

---------------  T H R E A D  ---------------

Current thread (0x00000000161b0800):  JavaThread "C2 CompilerThread1" daemon [_thread_in_native, id=12808, stack(0x0000000016a80000,0x0000000016b80000)]

Stack: [0x0000000016a80000,0x0000000016b80000]
[error occurred during error reporting (printing stack bounds), id 0xc0000005]

Native frames: (J=compiled Java code, j=interpreted, Vv=VM code, C=native code)


Current CompileTask:
C2:   7115 4132       4       weblogic.application.utils.annotation.ClassfinderClassInfos::access$200 (7 bytes)


---------------  P R O C E S S  ---------------

Java Threads: ( => current thread )
  0x0000000018e7a000 JavaThread "ImmediateThread-1668095877295" daemon [_thread_blocked, id=13392, stack(0x0000000019720000,0x0000000019820000)]
  0x0000000016240000 JavaThread "Service Thread" daemon [_thread_blocked, id=1900, stack(0x0000000016d80000,0x0000000016e80000)]
  0x00000000161d2000 JavaThread "C1 CompilerThread3" daemon [_thread_blocked, id=11368, stack(0x0000000016c80000,0x0000000016d80000)]
  0x00000000161be000 JavaThread "C2 CompilerThread2" daemon [_thread_in_native, id=9492, stack(0x0000000016b80000,0x0000000016c80000)]
=>0x00000000161b0800 JavaThread "C2 CompilerThread1" daemon [_thread_in_native, id=12808, stack(0x0000000016a80000,0x0000000016b80000)]
  0x00000000161ad000 JavaThread "C2 CompilerThread0" daemon [_thread_in_native, id=6488, stack(0x0000000016980000,0x0000000016a80000)]
  0x00000000161ab800 JavaThread "Attach Listener" daemon [_thread_blocked, id=10680, stack(0x0000000016880000,0x0000000016980000)]
  0x00000000161aa000 JavaThread "Signal Dispatcher" daemon [_thread_blocked, id=10544, stack(0x0000000016780000,0x0000000016880000)]
  0x0000000002a1e800 JavaThread "Finalizer" daemon [_thread_blocked, id=3088, stack(0x0000000016580000,0x0000000016680000)]
  0x0000000002a17800 JavaThread "Reference Handler" daemon [_thread_blocked, id=2144, stack(0x0000000016080000,0x0000000016180000)]
  0x0000000002922800 JavaThread "main" [_thread_in_native, id=14672, stack(0x00000000027d0000,0x00000000028d0000)]

Other Threads:
  0x0000000014287800 VMThread [stack: 0x0000000015f80000,0x0000000016080000] [id=2360]
  0x0000000016243800 WatcherThread [stack: 0x0000000016e80000,0x0000000016f80000] [id=4720]

VM state:not at safepoint (normal execution)

VM Mutex/Monitor currently owned by a thread: None

Heap:
 PSYoungGen      total 158208K, used 77888K [0x00000000f5580000, 0x0000000100000000, 0x0000000100000000)
  eden space 146432K, 45% used [0x00000000f5580000,0x00000000f9657830,0x00000000fe480000)
  from space 11776K, 97% used [0x00000000fe480000,0x00000000fefb8908,0x00000000ff000000)
  to   space 14848K, 0% used [0x00000000ff180000,0x00000000ff180000,0x0000000100000000)
 ParOldGen       total 87552K, used 27503K [0x00000000e0000000, 0x00000000e5580000, 0x00000000f5580000)
  object space 87552K, 31% used [0x00000000e0000000,0x00000000e1adbf88,0x00000000e5580000)
 Metaspace       used 29480K, capacity 29788K, committed 30080K, reserved 1077248K
  class space    used 2980K, capacity 3075K, committed 3200K, reserved 1048576K

Card table byte_map: [0x0000000011de0000,0x0000000011ef0000] byte_map_base: 0x00000000116e0000

Marking Bits: (ParMarkBitMap*) 0x00000000704fc720
 Begin Bits: [0x00000000127a0000, 0x0000000012fa0000)
 End Bits:   [0x0000000012fa0000, 0x00000000137a0000)

Polling page: 0x00000000026e0000

CodeCache: size=245760Kb used=13419Kb max_used=13463Kb free=232340Kb
 bounds [0x0000000002a20000, 0x0000000003770000, 0x0000000011a20000]
 total_blobs=4003 nmethods=3551 adapters=363
 compilation: enabled

Compilation events (10 events):
Event: 7.024 Thread 0x00000000161d2000 4137       3       sun.nio.fs.WindowsPathParser::isInvalidPathChar (22 bytes)
Event: 7.024 Thread 0x00000000161d2000 nmethod 4137 0x0000000002b7b610 code [0x0000000002b7b780, 0x0000000002b7bae8]
Event: 7.036 Thread 0x00000000161ad000 nmethod 4124 0x0000000003760a50 code [0x0000000003760ec0, 0x0000000003769450]
Event: 7.037 Thread 0x00000000161ad000 4135  s    4       java.util.jar.JarFile::getInputStream (89 bytes)
Event: 7.037 Thread 0x00000000161d2000 4138       3       java.lang.Long::<init> (10 bytes)
Event: 7.038 Thread 0x00000000161d2000 nmethod 4138 0x0000000002e61ed0 code [0x0000000002e62040, 0x0000000002e62250]
Event: 7.043 Thread 0x00000000161ad000 nmethod 4135 0x0000000002d6f190 code [0x0000000002d6f380, 0x0000000002d6fd50]
Event: 7.044 Thread 0x00000000161ad000 4139       4       com.bea.objectweb.asm.ClassReader::a (662 bytes)
Event: 7.047 Thread 0x00000000161d2000 4140       3       com.bea.objectweb.asm.ClassReader::readConst (283 bytes)
Event: 7.049 Thread 0x00000000161d2000 nmethod 4140 0x000000000372a190 code [0x000000000372a520, 0x000000000372bdf8]

GC Heap History (10 events):
Event: 4.928 GC heap before
{Heap before GC invocations=10 (full 1):
 PSYoungGen      total 159744K, used 144384K [0x00000000f5580000, 0x0000000100000000, 0x0000000100000000)
  eden space 144384K, 100% used [0x00000000f5580000,0x00000000fe280000,0x00000000fe280000)
  from space 15360K, 0% used [0x00000000ff100000,0x00000000ff100000,0x0000000100000000)
  to   space 14848K, 0% used [0x00000000fe280000,0x00000000fe280000,0x00000000ff100000)
 ParOldGen       total 87552K, used 14781K [0x00000000e0000000, 0x00000000e5580000, 0x00000000f5580000)
  object space 87552K, 16% used [0x00000000e0000000,0x00000000e0e6f430,0x00000000e5580000)
 Metaspace       used 22635K, capacity 22928K, committed 23088K, reserved 1069056K
  class space    used 2514K, capacity 2625K, committed 2688K, reserved 1048576K
Event: 4.932 GC heap after
Heap after GC invocations=10 (full 1):
 PSYoungGen      total 153088K, used 8387K [0x00000000f5580000, 0x00000000ffe80000, 0x0000000100000000)
  eden space 144384K, 0% used [0x00000000f5580000,0x00000000f5580000,0x00000000fe280000)
  from space 8704K, 96% used [0x00000000fe280000,0x00000000feab0f00,0x00000000feb00000)
  to   space 14336K, 0% used [0x00000000ff080000,0x00000000ff080000,0x00000000ffe80000)
 ParOldGen       total 87552K, used 14789K [0x00000000e0000000, 0x00000000e5580000, 0x00000000f5580000)
  object space 87552K, 16% used [0x00000000e0000000,0x00000000e0e71430,0x00000000e5580000)
 Metaspace       used 22635K, capacity 22928K, committed 23088K, reserved 1069056K
  class space    used 2514K, capacity 2625K, committed 2688K, reserved 1048576K
}
Event: 5.183 GC heap before
{Heap before GC invocations=11 (full 1):
 PSYoungGen      total 153088K, used 152771K [0x00000000f5580000, 0x00000000ffe80000, 0x0000000100000000)
  eden space 144384K, 100% used [0x00000000f5580000,0x00000000fe280000,0x00000000fe280000)
  from space 8704K, 96% used [0x00000000fe280000,0x00000000feab0f00,0x00000000feb00000)
  to   space 14336K, 0% used [0x00000000ff080000,0x00000000ff080000,0x00000000ffe80000)
 ParOldGen       total 87552K, used 14789K [0x00000000e0000000, 0x00000000e5580000, 0x00000000f5580000)
  object space 87552K, 16% used [0x00000000e0000000,0x00000000e0e71430,0x00000000e5580000)
 Metaspace       used 22861K, capacity 23158K, committed 23424K, reserved 1071104K
  class space    used 2542K, capacity 2658K, committed 2688K, reserved 1048576K
Event: 5.186 GC heap after
Heap after GC invocations=11 (full 1):
 PSYoungGen      total 159232K, used 8240K [0x00000000f5580000, 0x0000000100000000, 0x0000000100000000)
  eden space 144896K, 0% used [0x00000000f5580000,0x00000000f5580000,0x00000000fe300000)
  from space 14336K, 57% used [0x00000000ff080000,0x00000000ff88c3d0,0x00000000ffe80000)
  to   space 13824K, 0% used [0x00000000fe300000,0x00000000fe300000,0x00000000ff080000)
 ParOldGen       total 87552K, used 14797K [0x00000000e0000000, 0x00000000e5580000, 0x00000000f5580000)
  object space 87552K, 16% used [0x00000000e0000000,0x00000000e0e73430,0x00000000e5580000)
 Metaspace       used 22861K, capacity 23158K, committed 23424K, reserved 1071104K
  class space    used 2542K, capacity 2658K, committed 2688K, reserved 1048576K
}
Event: 5.503 GC heap before
{Heap before GC invocations=12 (full 1):
 PSYoungGen      total 159232K, used 153136K [0x00000000f5580000, 0x0000000100000000, 0x0000000100000000)
  eden space 144896K, 100% used [0x00000000f5580000,0x00000000fe300000,0x00000000fe300000)
  from space 14336K, 57% used [0x00000000ff080000,0x00000000ff88c3d0,0x00000000ffe80000)
  to   space 13824K, 0% used [0x00000000fe300000,0x00000000fe300000,0x00000000ff080000)
 ParOldGen       total 87552K, used 14797K [0x00000000e0000000, 0x00000000e5580000, 0x00000000f5580000)
  object space 87552K, 16% used [0x00000000e0000000,0x00000000e0e73430,0x00000000e5580000)
 Metaspace       used 24987K, capacity 25270K, committed 25344K, reserved 1071104K
  class space    used 2699K, capacity 2786K, committed 2816K, reserved 1048576K
Event: 5.508 GC heap after
Heap after GC invocations=12 (full 1):
 PSYoungGen      total 158720K, used 5038K [0x00000000f5580000, 0x00000000fff80000, 0x0000000100000000)
  eden space 144896K, 0% used [0x00000000f5580000,0x00000000f5580000,0x00000000fe300000)
  from space 13824K, 36% used [0x00000000fe300000,0x00000000fe7ebbd8,0x00000000ff080000)
  to   space 13824K, 0% used [0x00000000ff200000,0x00000000ff200000,0x00000000fff80000)
 ParOldGen       total 87552K, used 22171K [0x00000000e0000000, 0x00000000e5580000, 0x00000000f5580000)
  object space 87552K, 25% used [0x00000000e0000000,0x00000000e15a6cd8,0x00000000e5580000)
 Metaspace       used 24987K, capacity 25270K, committed 25344K, reserved 1071104K
  class space    used 2699K, capacity 2786K, committed 2816K, reserved 1048576K
}
Event: 5.754 GC heap before
{Heap before GC invocations=13 (full 1):
 PSYoungGen      total 158720K, used 149934K [0x00000000f5580000, 0x00000000fff80000, 0x0000000100000000)
  eden space 144896K, 100% used [0x00000000f5580000,0x00000000fe300000,0x00000000fe300000)
  from space 13824K, 36% used [0x00000000fe300000,0x00000000fe7ebbd8,0x00000000ff080000)
  to   space 13824K, 0% used [0x00000000ff200000,0x00000000ff200000,0x00000000fff80000)
 ParOldGen       total 87552K, used 22171K [0x00000000e0000000, 0x00000000e5580000, 0x00000000f5580000)
  object space 87552K, 25% used [0x00000000e0000000,0x00000000e15a6cd8,0x00000000e5580000)
 Metaspace       used 26028K, capacity 26358K, committed 26496K, reserved 1073152K
  class space    used 2759K, capacity 2850K, committed 2944K, reserved 1048576K
Event: 5.758 GC heap after
Heap after GC invocations=13 (full 1):
 PSYoungGen      total 160256K, used 3713K [0x00000000f5580000, 0x0000000100000000, 0x0000000100000000)
  eden space 146432K, 0% used [0x00000000f5580000,0x00000000f5580000,0x00000000fe480000)
  from space 13824K, 26% used [0x00000000ff200000,0x00000000ff5a0480,0x00000000fff80000)
  to   space 13824K, 0% used [0x00000000fe480000,0x00000000fe480000,0x00000000ff200000)
 ParOldGen       total 87552K, used 27035K [0x00000000e0000000, 0x00000000e5580000, 0x00000000f5580000)
  object space 87552K, 30% used [0x00000000e0000000,0x00000000e1a66c20,0x00000000e5580000)
 Metaspace       used 26028K, capacity 26358K, committed 26496K, reserved 1073152K
  class space    used 2759K, capacity 2850K, committed 2944K, reserved 1048576K
}
Event: 6.582 GC heap before
{Heap before GC invocations=14 (full 1):
 PSYoungGen      total 160256K, used 150145K [0x00000000f5580000, 0x0000000100000000, 0x0000000100000000)
  eden space 146432K, 100% used [0x00000000f5580000,0x00000000fe480000,0x00000000fe480000)
  from space 13824K, 26% used [0x00000000ff200000,0x00000000ff5a0480,0x00000000fff80000)
  to   space 13824K, 0% used [0x00000000fe480000,0x00000000fe480000,0x00000000ff200000)
 ParOldGen       total 87552K, used 27035K [0x00000000e0000000, 0x00000000e5580000, 0x00000000f5580000)
  object space 87552K, 30% used [0x00000000e0000000,0x00000000e1a66c20,0x00000000e5580000)
 Metaspace       used 29453K, capacity 29788K, committed 30080K, reserved 1077248K
  class space    used 2977K, capacity 3075K, committed 3200K, reserved 1048576K
Event: 6.590 GC heap after
Heap after GC invocations=14 (full 1):
 PSYoungGen      total 158208K, used 11490K [0x00000000f5580000, 0x0000000100000000, 0x0000000100000000)
  eden space 146432K, 0% used [0x00000000f5580000,0x00000000f5580000,0x00000000fe480000)
  from space 11776K, 97% used [0x00000000fe480000,0x00000000fefb8908,0x00000000ff000000)
  to   space 14848K, 0% used [0x00000000ff180000,0x00000000ff180000,0x0000000100000000)
 ParOldGen       total 87552K, used 27503K [0x00000000e0000000, 0x00000000e5580000, 0x00000000f5580000)
  object space 87552K, 31% used [0x00000000e0000000,0x00000000e1adbf88,0x00000000e5580000)
 Metaspace       used 29453K, capacity 29788K, committed 30080K, reserved 1077248K
  class space    used 2977K, capacity 3075K, committed 3200K, reserved 1048576K
}

Deoptimization events (10 events):
Event: 6.762 Thread 0x0000000002922800 Uncommon trap: reason=unstable_if action=reinterpret pc=0x00000000036fbbdc method=com.bea.objectweb.asm.ClassReader.b(Lcom/bea/objectweb/asm/ClassVisitor;Lcom/bea/objectweb/asm/Context;I)I @ 262
Event: 6.768 Thread 0x0000000002922800 Uncommon trap: reason=bimorphic action=maybe_recompile pc=0x00000000036f4b38 method=weblogic.application.utils.annotation.ClassfinderClassInfos.addAnnotationContributors(Lweblogic/application/utils/annotation/ClassfinderClassInfos$Cache;Ljava/lang/String;
Event: 6.768 Thread 0x0000000002922800 Uncommon trap: reason=bimorphic action=maybe_recompile pc=0x00000000036f4b38 method=weblogic.application.utils.annotation.ClassfinderClassInfos.addAnnotationContributors(Lweblogic/application/utils/annotation/ClassfinderClassInfos$Cache;Ljava/lang/String;
Event: 6.769 Thread 0x0000000002922800 Uncommon trap: reason=bimorphic action=maybe_recompile pc=0x00000000036f4b38 method=weblogic.application.utils.annotation.ClassfinderClassInfos.addAnnotationContributors(Lweblogic/application/utils/annotation/ClassfinderClassInfos$Cache;Ljava/lang/String;
Event: 6.781 Thread 0x0000000002922800 Uncommon trap: reason=unstable_if action=reinterpret pc=0x00000000037081cc method=com.bea.objectweb.asm.ClassReader.a(II[C)Ljava/lang/String; @ 77
Event: 6.824 Thread 0x0000000002922800 Uncommon trap: reason=bimorphic action=maybe_recompile pc=0x00000000036f4b38 method=weblogic.application.utils.annotation.ClassfinderClassInfos.addAnnotationContributors(Lweblogic/application/utils/annotation/ClassfinderClassInfos$Cache;Ljava/lang/String;
Event: 6.906 Thread 0x0000000002922800 Uncommon trap: reason=bimorphic action=maybe_recompile pc=0x0000000003726614 method=weblogic.application.utils.annotation.ClassfinderClassInfos.addAnnotationContributors(Lweblogic/application/utils/annotation/ClassfinderClassInfos$Cache;Ljava/lang/String;
Event: 6.907 Thread 0x0000000002922800 Uncommon trap: reason=bimorphic action=maybe_recompile pc=0x0000000003726614 method=weblogic.application.utils.annotation.ClassfinderClassInfos.addAnnotationContributors(Lweblogic/application/utils/annotation/ClassfinderClassInfos$Cache;Ljava/lang/String;
Event: 6.964 Thread 0x0000000002922800 Uncommon trap: reason=unstable_if action=reinterpret pc=0x000000000374f1c4 method=com.bea.objectweb.asm.ClassReader.b(Lcom/bea/objectweb/asm/ClassVisitor;Lcom/bea/objectweb/asm/Context;I)I @ 1038
Event: 7.018 Thread 0x0000000002922800 Uncommon trap: reason=unloaded action=reinterpret pc=0x00000000036e3e0c method=com.bea.objectweb.asm.ClassReader.readConst(I[C)Ljava/lang/Object; @ 104

Internal exceptions (10 events):
Event: 5.325 Thread 0x000000001b6a4000 Exception <a 'java/lang/ClassNotFoundException': javax/faces/webapp/UIComponentClassicTagBaseBeanInfo> (0x00000000fa1af2d0) thrown at [C:\re\workspace\8-2-build-windows-amd64-cygwin\jdk8u131\8869\hotspot\src\share\vm\classfile\systemDictionary.cpp, line 2
Event: 5.326 Thread 0x000000001b6a4000 Exception <a 'java/lang/ClassNotFoundException': javax/faces/webapp/UIComponentTagBaseBeanInfo> (0x00000000fa24fbe0) thrown at [C:\re\workspace\8-2-build-windows-amd64-cygwin\jdk8u131\8869\hotspot\src\share\vm\classfile\systemDictionary.cpp, line 210]
Event: 5.327 Thread 0x000000001b6a4000 Exception <a 'java/lang/ClassNotFoundException': javax/faces/webapp/UIComponentTagBaseCustomizer> (0x00000000fa2f4b00) thrown at [C:\re\workspace\8-2-build-windows-amd64-cygwin\jdk8u131\8869\hotspot\src\share\vm\classfile\systemDictionary.cpp, line 210]
Event: 5.328 Thread 0x000000001b6a4000 Exception <a 'java/lang/ClassNotFoundException': javax/faces/webapp/UIComponentClassicTagBaseCustomizer> (0x00000000fa3ae1b0) thrown at [C:\re\workspace\8-2-build-windows-amd64-cygwin\jdk8u131\8869\hotspot\src\share\vm\classfile\systemDictionary.cpp, line
Event: 5.329 Thread 0x000000001b6a4000 Exception <a 'java/lang/ClassNotFoundException': javax/faces/webapp/UIComponentELTagCustomizer> (0x00000000fa45e270) thrown at [C:\re\workspace\8-2-build-windows-amd64-cygwin\jdk8u131\8869\hotspot\src\share\vm\classfile\systemDictionary.cpp, line 210]
Event: 5.331 Thread 0x000000001b6a4000 Exception <a 'java/lang/ClassNotFoundException': org/apache/myfaces/trinidad/webapp/UIXComponentELTagCustomizer> (0x00000000fa564930) thrown at [C:\re\workspace\8-2-build-windows-amd64-cygwin\jdk8u131\8869\hotspot\src\share\vm\classfile\systemDictionary.c
Event: 5.333 Thread 0x000000001b6a4000 Exception <a 'java/lang/ClassNotFoundException': oracle/adfinternal/view/faces/taglib/UIXDialogTagCustomizer> (0x00000000fa66b2d8) thrown at [C:\re\workspace\8-2-build-windows-amd64-cygwin\jdk8u131\8869\hotspot\src\share\vm\classfile\systemDictionary.cpp,
Event: 5.335 Thread 0x000000001b6a4000 Exception <a 'java/lang/ClassNotFoundException': oracle/adfinternal/view/faces/unified/taglib/UnifiedDialogTagCustomizer> (0x00000000fa7953c0) thrown at [C:\re\workspace\8-2-build-windows-amd64-cygwin\jdk8u131\8869\hotspot\src\share\vm\classfile\systemDic
Event: 5.567 Thread 0x000000001b6a4000 Exception <a 'java/lang/ArrayIndexOutOfBoundsException': 286843> (0x00000000f674d8f8) thrown at [C:\re\workspace\8-2-build-windows-amd64-cygwin\jdk8u131\8869\hotspot\src\share\vm\interpreter\interpreterRuntime.cpp, line 366]
Event: 6.351 Thread 0x0000000002922800 Exception <a 'java/lang/NoSuchMethodError': <clinit>> (0x00000000fc4d7dd8) thrown at [C:\re\workspace\8-2-build-windows-amd64-cygwin\jdk8u131\8869\hotspot\src\share\vm\prims\jni.cpp, line 1613]

Events (10 events):
Event: 7.024 Thread 0x00000000161d2000 flushing nmethod 0x0000000003153810
Event: 7.024 Thread 0x00000000161d2000 flushing nmethod 0x0000000003172c50
Event: 7.036 Thread 0x00000000161ad000 flushing nmethod 0x000000000321bcd0
Event: 7.036 Thread 0x00000000161ad000 flushing nmethod 0x000000000322a650
Event: 7.036 Thread 0x00000000161ad000 flushing nmethod 0x000000000323a290
Event: 7.036 Thread 0x00000000161ad000 flushing nmethod 0x0000000003242510
Event: 7.036 Thread 0x00000000161ad000 flushing nmethod 0x0000000003254f10
Event: 7.036 Thread 0x00000000161ad000 flushing nmethod 0x000000000325b0d0
Event: 7.036 Thread 0x00000000161ad000 flushing nmethod 0x00000000032bf5d0
Event: 7.036 Thread 0x00000000161ad000 flushing nmethod 0x00000000032bf990


Dynamic libraries:
0x00007ff738b40000 - 0x00007ff738b77000 	C:\Oracle\Middleware12c\oracle_common\jdk\jre\bin\javaw.exe
0x00007ff8ea3c0000 - 0x00007ff8ea5c9000 	C:\windows\SYSTEM32\ntdll.dll
0x00007ff8e84b0000 - 0x00007ff8e856e000 	C:\windows\System32\KERNEL32.DLL
0x00007ff8e7e70000 - 0x00007ff8e81eb000 	C:\windows\System32\KERNELBASE.dll
0x00007ff8e8310000 - 0x00007ff8e83be000 	C:\windows\System32\ADVAPI32.dll
0x00007ff8e8fc0000 - 0x00007ff8e9063000 	C:\windows\System32\msvcrt.dll
0x00007ff8e8710000 - 0x00007ff8e87ae000 	C:\windows\System32\sechost.dll
0x00007ff8e8570000 - 0x00007ff8e8690000 	C:\windows\System32\RPCRT4.dll
0x00007ff8e9bd0000 - 0x00007ff8e9d7d000 	C:\windows\System32\USER32.dll
0x00007ff8e7b30000 - 0x00007ff8e7b56000 	C:\windows\System32\win32u.dll
0x00007ff8e89f0000 - 0x00007ff8e8a19000 	C:\windows\System32\GDI32.dll
0x00007ff8e7b60000 - 0x00007ff8e7c78000 	C:\windows\System32\gdi32full.dll
0x00007ff8e79d0000 - 0x00007ff8e7a6d000 	C:\windows\System32\msvcp_win.dll
0x00007ff8e78b0000 - 0x00007ff8e79c1000 	C:\windows\System32\ucrtbase.dll
0x00007ff8cc4c0000 - 0x00007ff8cc765000 	C:\windows\WinSxS\amd64_microsoft.windows.common-controls_6595b64144ccf1df_6.0.22000.120_none_9d947278b86cc467\COMCTL32.dll
0x00007ff8ea2c0000 - 0x00007ff8ea2f2000 	C:\windows\System32\IMM32.DLL
0x0000000002700000 - 0x0000000002714000 	C:\windows\System32\umppc15907.dll
0x000000006cf60000 - 0x000000006d032000 	C:\Oracle\Middleware12c\oracle_common\jdk\jre\bin\msvcr100.dll
0x000000006fce0000 - 0x000000007057c000 	C:\Oracle\Middleware12c\oracle_common\jdk\jre\bin\server\jvm.dll
0x00007ff8e89e0000 - 0x00007ff8e89e9000 	C:\windows\System32\WSOCK32.dll
0x00007ff8e8250000 - 0x00007ff8e82bf000 	C:\windows\System32\WS2_32.dll
0x00007ff8e8700000 - 0x00007ff8e870a000 	C:\windows\System32\VERSION.dll
0x00007ff8ea100000 - 0x00007ff8ea108000 	C:\windows\System32\PSAPI.DLL
0x00007ff8ddf10000 - 0x00007ff8ddf43000 	C:\windows\SYSTEM32\WINMM.dll
0x000000006fcd0000 - 0x000000006fcdf000 	C:\Oracle\Middleware12c\oracle_common\jdk\jre\bin\verify.dll
0x000000006fca0000 - 0x000000006fcc9000 	C:\Oracle\Middleware12c\oracle_common\jdk\jre\bin\java.dll
0x000000006fc80000 - 0x000000006fc96000 	C:\Oracle\Middleware12c\oracle_common\jdk\jre\bin\zip.dll
0x00007ff8e9070000 - 0x00007ff8e9828000 	C:\windows\System32\SHELL32.dll
0x00007ff8e58e0000 - 0x00007ff8e6145000 	C:\windows\SYSTEM32\windows.storage.dll
0x00007ff8e9d80000 - 0x00007ff8ea0f8000 	C:\windows\System32\combase.dll
0x00007ff8e5770000 - 0x00007ff8e58d6000 	C:\windows\SYSTEM32\wintypes.dll
0x00007ff8e9a00000 - 0x00007ff8e9aea000 	C:\windows\System32\SHCORE.dll
0x00007ff8e81f0000 - 0x00007ff8e824d000 	C:\windows\System32\shlwapi.dll
0x00007ff8e7770000 - 0x00007ff8e7791000 	C:\windows\SYSTEM32\profapi.dll
0x000000006fc60000 - 0x000000006fc7a000 	C:\Oracle\Middleware12c\oracle_common\jdk\jre\bin\net.dll
0x00007ff8c8ea0000 - 0x00007ff8c9065000 	C:\windows\system32\mwtsp.dll
0x00007ff8e8840000 - 0x00007ff8e89da000 	C:\windows\System32\ole32.dll
0x00007ff8e26d0000 - 0x00007ff8e27e4000 	C:\windows\SYSTEM32\WINHTTP.dll
0x00007ff8e6b50000 - 0x00007ff8e6b92000 	C:\windows\SYSTEM32\SspiCli.dll
0x00007ff8e6d60000 - 0x00007ff8e6dc7000 	C:\windows\system32\mswsock.dll
0x00007ff8bd7b0000 - 0x00007ff8bd7c7000 	C:\windows\system32\napinsp.dll
0x00007ff8bd4d0000 - 0x00007ff8bd4eb000 	C:\windows\system32\pnrpnsp.dll
0x00007ff8e6410000 - 0x00007ff8e64f8000 	C:\windows\SYSTEM32\DNSAPI.dll
0x00007ff8e63e0000 - 0x00007ff8e640d000 	C:\windows\SYSTEM32\IPHLPAPI.DLL
0x00007ff8e8fb0000 - 0x00007ff8e8fb9000 	C:\windows\System32\NSI.dll
0x00007ff8bd3e0000 - 0x00007ff8bd3f2000 	C:\windows\System32\winrnr.dll
0x00007ff8bd2e0000 - 0x00007ff8bd2f5000 	C:\windows\system32\wshbth.dll
0x00007ff8bd2c0000 - 0x00007ff8bd2df000 	C:\windows\system32\nlansp_c.dll
0x00007ff8ddf50000 - 0x00007ff8ddf5a000 	C:\Windows\System32\rasadhlp.dll
0x00007ff8dc1a0000 - 0x00007ff8dc221000 	C:\windows\System32\fwpuclnt.dll

VM Arguments:
jvm_args: -Xms128m -Xmx512m -XX:MaxPermSize=128m -Xverify:none -Dweblogic.jsp.diagnosticWithAbsolutePath=true -Dweblogic.classloader.noJarSigners=true 
java_command: weblogic.appc @C:\Users\Gowsalya\AppData\Local\Temp\appcCommandList8454640235750596683.txt
java_class_path (initial): C:\Oracle\Middleware12c\oracle_common\jdk\lib\tools.jar;C:\Oracle\Middleware12c\wlserver\server\lib\weblogic.jar
Launcher Type: SUN_STANDARD

Environment Variables:
JAVA_HOME=C:\Oracle\Middleware_11g\jdk160_29
PATH=C:\windows\system32;C:\windows;C:\windows\system32\Wbem;C:\windows\system32;C:\windows;C:\windows\system32\Wbem;C:\ProgramData\Oracle\Java\javapath;C:\windows\System32\WindowsPowerShell\v1.0\;C:\windows\System32\OpenSSH\;C:\Program Files\TortoiseSVN\bin;C:\Oracle\Middleware_11g\jdk160_29\bin;C:\Program Files\dotnet\;C:\Users\Gowsalya\AppData\Local\Microsoft\WindowsApps;C:\Users\Gowsalya\.dotnet\tools;C:\Users\Gowsalya\AppData\Local\Programs\Microsoft VS Code\bin
USERNAME=Gowsalya
OS=Windows_NT
PROCESSOR_IDENTIFIER=Intel64 Family 6 Model 140 Stepping 2, GenuineIntel



---------------  S Y S T E M  ---------------

OS: Windows 10.0 , 64 bit Build 22000 (10.0.22000.1219)

CPU:total 8 (initial active 8) (4 cores per cpu, 2 threads per core) family 6 model 140 stepping 2, cmov, cx8, fxsr, mmx, sse, sse2, sse3, ssse3, sse4.1, sse4.2, popcnt, avx, avx2, aes, clmul, erms, 3dnowpref, lzcnt, ht, tsc, tscinvbit, bmi1, bmi2, adx

Memory: 4k page, physical 8132600k(312596k free), swap 12228600k(5756k free)

vm_info: Java HotSpot(TM) 64-Bit Server VM (25.131-b11) for windows-amd64 JRE (1.8.0_131-b11), built on Mar 15 2017 01:23:53 by "java_re" with MS VC++ 10.0 (VS2010)

time: Thu Nov 10 21:28:03 2022
elapsed time: 7 seconds (0d 0h 0m 7s)

